<?xml version="1.0" encoding="UTF-8"?>
<testsuite name="io.github.makingthematrix.snakelibgdx.ModelsSuite" tests="49" skipped="0" failures="0" errors="0" timestamp="2025-10-17T08:52:40.458Z" hostname="PL-UNIT-0078" time="0.055">
  <properties/>
  <testcase name="Snake.apply should NOT create snake for empty body list" classname="io.github.makingthematrix.snakelibgdx.ModelsSuite" time="0.015"/>
  <testcase name="Snake.apply should create snake for single element body" classname="io.github.makingthematrix.snakelibgdx.ModelsSuite" time="0.0"/>
  <testcase name="Snake.apply should create snake for continuous horizontal sequence" classname="io.github.makingthematrix.snakelibgdx.ModelsSuite" time="0.001"/>
  <testcase name="Snake.apply should create snake for continuous vertical sequence" classname="io.github.makingthematrix.snakelibgdx.ModelsSuite" time="0.0"/>
  <testcase name="Snake.apply should create snake for mixed continuous sequence" classname="io.github.makingthematrix.snakelibgdx.ModelsSuite" time="0.001"/>
  <testcase name="Snake.apply should reject discontinuous horizontal sequence" classname="io.github.makingthematrix.snakelibgdx.ModelsSuite" time="0.0"/>
  <testcase name="Snake.apply should reject discontinuous vertical sequence" classname="io.github.makingthematrix.snakelibgdx.ModelsSuite" time="0.0"/>
  <testcase name="Snake.apply should reject diagonal sequence" classname="io.github.makingthematrix.snakelibgdx.ModelsSuite" time="0.001"/>
  <testcase name="Snake.apply should reject sequence with large gaps" classname="io.github.makingthematrix.snakelibgdx.ModelsSuite" time="0.0"/>
  <testcase name="Snake.apply should handle negative coordinates correctly" classname="io.github.makingthematrix.snakelibgdx.ModelsSuite" time="0.0"/>
  <testcase name="Snake.apply should validate continuity for L-shaped snake" classname="io.github.makingthematrix.snakelibgdx.ModelsSuite" time="0.001"/>
  <testcase name="Snake.apply should reject sequence with backward jump" classname="io.github.makingthematrix.snakelibgdx.ModelsSuite" time="0.0"/>
  <testcase name="changeDirection should preserve snake body" classname="io.github.makingthematrix.snakelibgdx.ModelsSuite" time="0.001"/>
  <testcase name="changeDirection should work with all directions" classname="io.github.makingthematrix.snakelibgdx.ModelsSuite" time="0.001"/>
  <testcase name="Board getEmptyTilePositions should return all positions when board is empty" classname="io.github.makingthematrix.snakelibgdx.ModelsSuite" time="0.008"/>
  <testcase name="Board getEmptyTilePositions should exclude snake body positions" classname="io.github.makingthematrix.snakelibgdx.ModelsSuite" time="0.001"/>
  <testcase name="Board getEmptyTilePositions should exclude coin positions" classname="io.github.makingthematrix.snakelibgdx.ModelsSuite" time="0.001"/>
  <testcase name="Board getEmptyTilePositions should exclude both snake and coin positions" classname="io.github.makingthematrix.snakelibgdx.ModelsSuite" time="0.001"/>
  <testcase name="Board getEmptyTilePositions should return empty list when board is full" classname="io.github.makingthematrix.snakelibgdx.ModelsSuite" time="0.001"/>
  <testcase name="Board addCoin should add coin to empty position" classname="io.github.makingthematrix.snakelibgdx.ModelsSuite" time="0.001"/>
  <testcase name="Board addCoin should not add coin to position with existing coin" classname="io.github.makingthematrix.snakelibgdx.ModelsSuite" time="0.0"/>
  <testcase name="Board addCoin should not add coin to position with snake body" classname="io.github.makingthematrix.snakelibgdx.ModelsSuite" time="0.001"/>
  <testcase name="Board addCoin should successfully add multiple coins to different positions" classname="io.github.makingthematrix.snakelibgdx.ModelsSuite" time="0.0"/>
  <testcase name="Board.changeSnakeDirection should update snake direction to Left" classname="io.github.makingthematrix.snakelibgdx.ModelsSuite" time="0.001"/>
  <testcase name="Board.changeSnakeDirection should update snake direction to Right" classname="io.github.makingthematrix.snakelibgdx.ModelsSuite" time="0.0"/>
  <testcase name="Board.changeSnakeDirection should update snake direction to Up" classname="io.github.makingthematrix.snakelibgdx.ModelsSuite" time="0.0"/>
  <testcase name="Board.changeSnakeDirection should update snake direction to Down" classname="io.github.makingthematrix.snakelibgdx.ModelsSuite" time="0.0"/>
  <testcase name="Board.changeSnakeDirection should work with all directions" classname="io.github.makingthematrix.snakelibgdx.ModelsSuite" time="0.001"/>
  <testcase name="Board.changeSnakeDirection should preserve snake body" classname="io.github.makingthematrix.snakelibgdx.ModelsSuite" time="0.0"/>
  <testcase name="Board.changeSnakeDirection should return false and block Up to Down direction change" classname="io.github.makingthematrix.snakelibgdx.ModelsSuite" time="0.001"/>
  <testcase name="Board.changeSnakeDirection should return false and block Down to Up direction change" classname="io.github.makingthematrix.snakelibgdx.ModelsSuite" time="0.0"/>
  <testcase name="Board.changeSnakeDirection should return false and block Left to Right direction change" classname="io.github.makingthematrix.snakelibgdx.ModelsSuite" time="0.0"/>
  <testcase name="Board.changeSnakeDirection should return false and block Right to Left direction change" classname="io.github.makingthematrix.snakelibgdx.ModelsSuite" time="0.0"/>
  <testcase name="Board.changeSnakeDirection should return true for valid direction changes" classname="io.github.makingthematrix.snakelibgdx.ModelsSuite" time="0.0"/>
  <testcase name="Board.changeSnakeDirection should return true when changing to same direction" classname="io.github.makingthematrix.snakelibgdx.ModelsSuite" time="0.0"/>
  <testcase name="Board.changeSnakeDirection should handle all backwards combinations correctly" classname="io.github.makingthematrix.snakelibgdx.ModelsSuite" time="0.001"/>
  <testcase name="Board.getEmptyTiles should return all positions when board is empty" classname="io.github.makingthematrix.snakelibgdx.ModelsSuite" time="0.003"/>
  <testcase name="Board.getEmptyTiles should exclude snake positions" classname="io.github.makingthematrix.snakelibgdx.ModelsSuite" time="0.002"/>
  <testcase name="Board.getEmptyTiles should exclude coin positions" classname="io.github.makingthematrix.snakelibgdx.ModelsSuite" time="0.002"/>
  <testcase name="Board.getEmptyTiles should exclude both snake and coin positions" classname="io.github.makingthematrix.snakelibgdx.ModelsSuite" time="0.001"/>
  <testcase name="Board.getEmptyTiles should return empty list when board is full" classname="io.github.makingthematrix.snakelibgdx.ModelsSuite" time="0.001"/>
  <testcase name="Board.coinsNumber should return 0 for empty coin list" classname="io.github.makingthematrix.snakelibgdx.ModelsSuite" time="0.0"/>
  <testcase name="Board.coinsNumber should return correct count for multiple coins" classname="io.github.makingthematrix.snakelibgdx.ModelsSuite" time="0.0"/>
  <testcase name="Board.addCoin should add coin to empty position" classname="io.github.makingthematrix.snakelibgdx.ModelsSuite" time="0.0"/>
  <testcase name="Board.addCoin should not add coin on snake position" classname="io.github.makingthematrix.snakelibgdx.ModelsSuite" time="0.001"/>
  <testcase name="Board.addCoin should work with multiple coins" classname="io.github.makingthematrix.snakelibgdx.ModelsSuite" time="0.001"/>
  <testcase name="rotation-based control should allow full clockwise cycle" classname="io.github.makingthematrix.snakelibgdx.ModelsSuite" time="0.001"/>
  <testcase name="rotation-based control should allow full counter-clockwise cycle" classname="io.github.makingthematrix.snakelibgdx.ModelsSuite" time="0.001"/>
  <testcase name="rotation should work with actual snake movement" classname="io.github.makingthematrix.snakelibgdx.ModelsSuite" time="0.0"/>
  <system-out><![CDATA[]]></system-out>
  <system-err><![CDATA[]]></system-err>
</testsuite>
